# JRE version: OpenJDK Runtime Environment (17.0.17+10) (build 17.0.17+10-Ubuntu-124.04)
# Java VM: OpenJDK 64-Bit Server VM (17.0.17+10-Ubuntu-124.04, mixed mode, sharing, tiered, compressed oops, compressed class ptrs, g1 gc, linux-amd64)
GC Precious Log:
 CPUs: 4 total, 4 available
 Memory: 15990M
 Large Page Support: Disabled
 NUMA Support: Disabled
 Compressed Oops: Enabled (32-bit)
 Heap Region Size: 1M
 Heap Min Capacity: 8M
 Heap Initial Capacity: 250M
 Heap Max Capacity: 1G
 Pre-touch: Disabled
 Parallel Workers: 4
 Concurrent Workers: 1
 Concurrent Refinement Workers: 4
 Periodic GC: Disabled
Heap:
 garbage-first heap   total 491520K, used 326631K [0x00000000c0000000, 0x0000000100000000)
  region size 1024K, 42 young (43008K), 3 survivors (3072K)
 Metaspace       used 11378K, committed 11648K, reserved 1114112K
  class space    used 1654K, committed 1792K, reserved 1048576K
GC Heap History (20 events):
Event: 2.876 GC heap before
{Heap before GC invocations=19 (full 4):
 garbage-first heap   total 137216K, used 99430K [0x00000000c0000000, 0x0000000100000000)
  region size 1024K, 53 young (54272K), 0 survivors (0K)
 Metaspace       used 9514K, committed 9728K, reserved 1114112K
  class space    used 1423K, committed 1536K, reserved 1048576K
}
Event: 2.888 GC heap after
{Heap after GC invocations=20 (full 4):
 garbage-first heap   total 137216K, used 52132K [0x00000000c0000000, 0x0000000100000000)
  region size 1024K, 7 young (7168K), 7 survivors (7168K)
 Metaspace       used 9514K, committed 9728K, reserved 1114112K
  class space    used 1423K, committed 1536K, reserved 1048576K
}
Event: 2.967 GC heap before
{Heap before GC invocations=20 (full 4):
 garbage-first heap   total 137216K, used 102308K [0x00000000c0000000, 0x0000000100000000)
  region size 1024K, 56 young (57344K), 7 survivors (7168K)
 Metaspace       used 9514K, committed 9728K, reserved 1114112K
  class space    used 1423K, committed 1536K, reserved 1048576K
}
Event: 2.990 GC heap after
{Heap after GC invocations=21 (full 4):
 garbage-first heap   total 137216K, used 57958K [0x00000000c0000000, 0x0000000100000000)
  region size 1024K, 7 young (7168K), 7 survivors (7168K)
 Metaspace       used 9514K, committed 9728K, reserved 1114112K
  class space    used 1423K, committed 1536K, reserved 1048576K
}
Event: 3.082 GC heap before
{Heap before GC invocations=21 (full 4):
 garbage-first heap   total 137216K, used 103014K [0x00000000c0000000, 0x0000000100000000)
  region size 1024K, 51 young (52224K), 7 survivors (7168K)
 Metaspace       used 9594K, committed 9856K, reserved 1114112K
  class space    used 1462K, committed 1600K, reserved 1048576K
}
Event: 3.101 GC heap after
{Heap after GC invocations=22 (full 4):
 garbage-first heap   total 302080K, used 63153K [0x00000000c0000000, 0x0000000100000000)
  region size 1024K, 6 young (6144K), 6 survivors (6144K)
 Metaspace       used 9594K, committed 9856K, reserved 1114112K
  class space    used 1462K, committed 1600K, reserved 1048576K
}
Event: 3.355 GC heap before
{Heap before GC invocations=22 (full 4):
 garbage-first heap   total 302080K, used 218801K [0x00000000c0000000, 0x0000000100000000)
  region size 1024K, 158 young (161792K), 6 survivors (6144K)
 Metaspace       used 9604K, committed 9856K, reserved 1114112K
  class space    used 1462K, committed 1600K, reserved 1048576K
}
Event: 3.385 GC heap after
{Heap after GC invocations=23 (full 4):
 garbage-first heap   total 302080K, used 79974K [0x00000000c0000000, 0x0000000100000000)
  region size 1024K, 20 young (20480K), 20 survivors (20480K)
 Metaspace       used 9604K, committed 9856K, reserved 1114112K
  class space    used 1462K, committed 1600K, reserved 1048576K
}
Event: 29.466 GC heap before
{Heap before GC invocations=23 (full 4):
 garbage-first heap   total 302080K, used 215142K [0x00000000c0000000, 0x0000000100000000)
  region size 1024K, 152 young (155648K), 20 survivors (20480K)
 Metaspace       used 10939K, committed 11200K, reserved 1114112K
  class space    used 1600K, committed 1728K, reserved 1048576K
}
Event: 29.495 GC heap after
{Heap after GC invocations=24 (full 4):
 garbage-first heap   total 302080K, used 98970K [0x00000000c0000000, 0x0000000100000000)
  region size 1024K, 19 young (19456K), 19 survivors (19456K)
 Metaspace       used 10939K, committed 11200K, reserved 1114112K
  class space    used 1600K, committed 1728K, reserved 1048576K
}
Event: 29.814 GC heap before
{Heap before GC invocations=24 (full 4):
 garbage-first heap   total 302080K, used 230042K [0x00000000c0000000, 0x0000000100000000)
  region size 1024K, 135 young (138240K), 19 survivors (19456K)
 Metaspace       used 10945K, committed 11200K, reserved 1114112K
  class space    used 1600K, committed 1728K, reserved 1048576K
}
Event: 29.869 GC heap after
{Heap after GC invocations=25 (full 4):
 garbage-first heap   total 322560K, used 181350K [0x00000000c0000000, 0x0000000100000000)
  region size 1024K, 17 young (17408K), 17 survivors (17408K)
 Metaspace       used 10945K, committed 11200K, reserved 1114112K
  class space    used 1600K, committed 1728K, reserved 1048576K
}
Event: 29.979 GC heap before
{Heap before GC invocations=25 (full 4):
 garbage-first heap   total 322560K, used 234598K [0x00000000c0000000, 0x0000000100000000)
  region size 1024K, 69 young (70656K), 17 survivors (17408K)
 Metaspace       used 10945K, committed 11200K, reserved 1114112K
  class space    used 1600K, committed 1728K, reserved 1048576K
}
Event: 30.028 GC heap after
{Heap after GC invocations=26 (full 4):
 garbage-first heap   total 322560K, used 216166K [0x00000000c0000000, 0x0000000100000000)
  region size 1024K, 9 young (9216K), 9 survivors (9216K)
 Metaspace       used 10945K, committed 11200K, reserved 1114112K
  class space    used 1600K, committed 1728K, reserved 1048576K
}
Event: 30.092 GC heap before
{Heap before GC invocations=26 (full 4):
 garbage-first heap   total 322560K, used 246886K [0x00000000c0000000, 0x0000000100000000)
  region size 1024K, 39 young (39936K), 9 survivors (9216K)
 Metaspace       used 10945K, committed 11200K, reserved 1114112K
  class space    used 1600K, committed 1728K, reserved 1048576K
}
Event: 30.112 GC heap after
{Heap after GC invocations=27 (full 4):
 garbage-first heap   total 487424K, used 236134K [0x00000000c0000000, 0x0000000100000000)
  region size 1024K, 5 young (5120K), 5 survivors (5120K)
 Metaspace       used 10945K, committed 11200K, reserved 1114112K
  class space    used 1600K, committed 1728K, reserved 1048576K
}
Event: 30.718 GC heap before
{Heap before GC invocations=28 (full 4):
 garbage-first heap   total 491520K, used 334438K [0x00000000c0000000, 0x0000000100000000)
  region size 1024K, 94 young (96256K), 5 survivors (5120K)
 Metaspace       used 10968K, committed 11200K, reserved 1114112K
  class space    used 1603K, committed 1728K, reserved 1048576K
}
Event: 30.777 GC heap after
{Heap after GC invocations=29 (full 4):
 garbage-first heap   total 491520K, used 285286K [0x00000000c0000000, 0x0000000100000000)
  region size 1024K, 12 young (12288K), 12 survivors (12288K)
 Metaspace       used 10968K, committed 11200K, reserved 1114112K
  class space    used 1603K, committed 1728K, reserved 1048576K
}
Event: 30.974 GC heap before
{Heap before GC invocations=29 (full 4):
 garbage-first heap   total 491520K, used 297574K [0x00000000c0000000, 0x0000000100000000)
  region size 1024K, 24 young (24576K), 12 survivors (12288K)
 Metaspace       used 10968K, committed 11200K, reserved 1114112K
  class space    used 1603K, committed 1728K, reserved 1048576K
}
Event: 31.004 GC heap after
{Heap after GC invocations=30 (full 4):
 garbage-first heap   total 491520K, used 287719K [0x00000000c0000000, 0x0000000100000000)
  region size 1024K, 3 young (3072K), 3 survivors (3072K)
 Metaspace       used 10968K, committed 11200K, reserved 1114112K
  class space    used 1603K, committed 1728K, reserved 1048576K
}

